2022-12-30 21:31:58.183 [main] INFO  techUplabs.CommonUtil.BaseUtil.BaseClass - Creating WeatherAppResponses using resource at path '/JSONFiles/WeatherAppResponse.json'
2022-12-30 21:31:58.298 [main] INFO  techUplabs.CommonUtil.BaseUtil.BaseClass - @@@@C:\Users\VC\IdeaProjects\testAutomation
2022-12-30 21:31:58.317 [main] INFO  techUplabs.CommonUtil.BaseUtil.BaseClass - CalcTime is 0.0875
2022-12-30 21:31:58.318 [main] INFO  techUplabs.CommonUtil.BaseUtil.BaseClass - Weather Description is light rain
2022-12-30 21:31:58.318 [main] INFO  techUplabs.CommonUtil.BaseUtil.BaseClass - City ID is 2643743
2022-12-30 21:31:58.518 [main] DEBUG org.apache.poi.openxml4j.opc.PackageRelationshipCollection - Parsing relationship: /xl/_rels/workbook.xml.rels
2022-12-30 21:31:58.525 [main] DEBUG org.apache.poi.openxml4j.opc.PackageRelationshipCollection - Parsing relationship: /_rels/.rels
2022-12-30 21:31:59.354 [main] INFO  techUplabs.CommonUtil.BaseUtil.BaseClass - Reading data from excel file rowNumber 0 columnNumber 1main/temp
2022-12-30 21:31:59.355 [main] INFO  techUplabs.CommonUtil.BaseUtil.BaseClass - Reading data from excel file rowNumber 0 columnNumber 2main/temp_min
2022-12-30 21:31:59.356 [main] INFO  techUplabs.CommonUtil.BaseUtil.BaseClass - Reading data from excel file rowNumber 0 columnNumber 3main/temp_max
2022-12-30 21:31:59.360 [main] INFO  techUplabs.CommonUtil.BaseUtil.BaseClass - Reading data from excel file rowNumber 0 columnNumber 4main/pressure
2022-12-30 21:31:59.361 [main] INFO  techUplabs.CommonUtil.BaseUtil.BaseClass - Reading data from excel file rowNumber 0 columnNumber 5main/sea_level
2022-12-30 21:31:59.363 [main] INFO  techUplabs.CommonUtil.BaseUtil.BaseClass - Reading data from excel file rowNumber 1 columnNumber 1279.946
2022-12-30 21:31:59.364 [main] INFO  techUplabs.CommonUtil.BaseUtil.BaseClass - Reading data from excel file rowNumber 1 columnNumber 2279.946
2022-12-30 21:31:59.365 [main] INFO  techUplabs.CommonUtil.BaseUtil.BaseClass - Reading data from excel file rowNumber 1 columnNumber 3279.946
2022-12-30 21:31:59.366 [main] INFO  techUplabs.CommonUtil.BaseUtil.BaseClass - Reading data from excel file rowNumber 1 columnNumber 41016.76
2022-12-30 21:31:59.367 [main] INFO  techUplabs.CommonUtil.BaseUtil.BaseClass - Reading data from excel file rowNumber 1 columnNumber 51024.45
2022-12-30 21:31:59.368 [main] INFO  techUplabs.CommonUtil.BaseUtil.BaseClass - Reading data from excel file rowNumber 2 columnNumber 1282.597
2022-12-30 21:31:59.369 [main] INFO  techUplabs.CommonUtil.BaseUtil.BaseClass - Reading data from excel file rowNumber 2 columnNumber 2282.597
2022-12-30 21:31:59.370 [main] INFO  techUplabs.CommonUtil.BaseUtil.BaseClass - Reading data from excel file rowNumber 2 columnNumber 3282.597
2022-12-30 21:31:59.376 [main] INFO  techUplabs.CommonUtil.BaseUtil.BaseClass - Reading data from excel file rowNumber 2 columnNumber 41012.12
2022-12-30 21:31:59.378 [main] INFO  techUplabs.CommonUtil.BaseUtil.BaseClass - Reading data from excel file rowNumber 2 columnNumber 51019.71
2022-12-30 21:31:59.380 [main] INFO  techUplabs.CommonUtil.BaseUtil.BaseClass - Reading data from excel file rowNumber 3 columnNumber 1279.38
2022-12-30 21:31:59.381 [main] INFO  techUplabs.CommonUtil.BaseUtil.BaseClass - Reading data from excel file rowNumber 3 columnNumber 2278.15
2022-12-30 21:31:59.382 [main] INFO  techUplabs.CommonUtil.BaseUtil.BaseClass - Reading data from excel file rowNumber 3 columnNumber 3280.15
2022-12-30 21:31:59.383 [main] INFO  techUplabs.CommonUtil.BaseUtil.BaseClass - Reading data from excel file rowNumber 3 columnNumber 41011
2022-12-30 21:31:59.383 [main] INFO  techUplabs.CommonUtil.BaseUtil.BaseClass - Reading data from excel file rowNumber 3 columnNumber 5
2022-12-30 21:31:59.394 [main] INFO  techUplabs.CommonUtil.BaseUtil.BaseClass - Configuring Rest Assured... 
2022-12-30 21:32:03.723 [main] INFO  techUplabs.CommonUtil.BaseUtil.BaseClass - Configuring Rest Assured... 
2022-12-30 21:32:04.711 [main] INFO  techUplabs.CommonUtil.BaseUtil.BaseClass - Configuring Rest Assured... 
2022-12-30 21:32:05.814 [main] INFO  techUplabs.CommonUtil.BaseUtil.BaseClass - Configuring Rest Assured... 
2022-12-30 21:32:06.863 [main] INFO  techUplabs.CommonUtil.BaseUtil.BaseClass - Configuring Rest Assured... 
2022-12-30 21:32:07.894 [main] INFO  techUplabs.CommonUtil.BaseUtil.BaseClass - Configuring Webdriver instance
2022-12-30 21:32:08.458 [main] DEBUG io.netty.util.internal.logging.InternalLoggerFactory - Using Log4J2 as the default logging framework
2022-12-30 21:32:08.478 [main] DEBUG io.netty.util.ResourceLeakDetector - -Dio.netty.leakDetection.level: simple
2022-12-30 21:32:08.478 [main] DEBUG io.netty.util.ResourceLeakDetector - -Dio.netty.leakDetection.targetRecords: 4
2022-12-30 21:32:08.498 [main] DEBUG io.netty.util.ResourceLeakDetectorFactory - Loaded default ResourceLeakDetector: io.netty.util.ResourceLeakDetector@6ed18d80
2022-12-30 21:32:08.550 [main] DEBUG io.netty.util.internal.PlatformDependent0 - -Dio.netty.noUnsafe: false
2022-12-30 21:32:08.551 [main] DEBUG io.netty.util.internal.PlatformDependent0 - Java version: 8
2022-12-30 21:32:08.557 [main] DEBUG io.netty.util.internal.PlatformDependent0 - sun.misc.Unsafe.theUnsafe: available
2022-12-30 21:32:08.559 [main] DEBUG io.netty.util.internal.PlatformDependent0 - sun.misc.Unsafe.copyMemory: available
2022-12-30 21:32:08.560 [main] DEBUG io.netty.util.internal.PlatformDependent0 - sun.misc.Unsafe.storeFence: available
2022-12-30 21:32:08.561 [main] DEBUG io.netty.util.internal.PlatformDependent0 - java.nio.Buffer.address: available
2022-12-30 21:32:08.568 [main] DEBUG io.netty.util.internal.PlatformDependent0 - direct buffer constructor: available
2022-12-30 21:32:08.573 [main] DEBUG io.netty.util.internal.PlatformDependent0 - java.nio.Bits.unaligned: available, true
2022-12-30 21:32:08.575 [main] DEBUG io.netty.util.internal.PlatformDependent0 - jdk.internal.misc.Unsafe.allocateUninitializedArray(int): unavailable prior to Java9
2022-12-30 21:32:08.576 [main] DEBUG io.netty.util.internal.PlatformDependent0 - java.nio.DirectByteBuffer.<init>(long, int): available
2022-12-30 21:32:08.577 [main] DEBUG io.netty.util.internal.PlatformDependent - sun.misc.Unsafe: available
2022-12-30 21:32:08.590 [main] DEBUG io.netty.util.internal.PlatformDependent - -Dio.netty.tmpdir: C:\Users\VC\AppData\Local\Temp (java.io.tmpdir)
2022-12-30 21:32:08.591 [main] DEBUG io.netty.util.internal.PlatformDependent - -Dio.netty.bitMode: 64 (sun.arch.data.model)
2022-12-30 21:32:08.592 [main] DEBUG io.netty.util.internal.PlatformDependent - Platform: Windows
2022-12-30 21:32:08.600 [main] DEBUG io.netty.util.internal.PlatformDependent - -Dio.netty.maxDirectMemory: 1884815360 bytes
2022-12-30 21:32:08.601 [main] DEBUG io.netty.util.internal.PlatformDependent - -Dio.netty.uninitializedArrayAllocationThreshold: -1
2022-12-30 21:32:08.606 [main] DEBUG io.netty.util.internal.CleanerJava6 - java.nio.ByteBuffer.cleaner(): available
2022-12-30 21:32:08.607 [main] DEBUG io.netty.util.internal.PlatformDependent - -Dio.netty.noPreferDirect: false
2022-12-30 21:32:08.650 [main] DEBUG io.netty.util.internal.PlatformDependent - org.jctools-core.MpscChunkedArrayQueue: available
2022-12-30 21:32:08.724 [main] DEBUG io.netty.util.internal.InternalThreadLocalMap - -Dio.netty.threadLocalMap.stringBuilder.initialSize: 1024
2022-12-30 21:32:08.731 [main] DEBUG io.netty.util.internal.InternalThreadLocalMap - -Dio.netty.threadLocalMap.stringBuilder.maxSize: 4096
2022-12-30 21:32:08.781 [main] DEBUG io.netty.handler.ssl.JdkSslContext - Default protocols (JDK): [TLSv1.3, TLSv1.2] 
2022-12-30 21:32:08.783 [main] DEBUG io.netty.handler.ssl.JdkSslContext - Default cipher suites (JDK): [TLS_ECDHE_ECDSA_WITH_AES_256_GCM_SHA384, TLS_ECDHE_ECDSA_WITH_AES_128_GCM_SHA256, TLS_ECDHE_RSA_WITH_AES_128_GCM_SHA256, TLS_ECDHE_RSA_WITH_AES_256_GCM_SHA384, TLS_ECDHE_RSA_WITH_AES_128_CBC_SHA, TLS_ECDHE_RSA_WITH_AES_256_CBC_SHA, TLS_RSA_WITH_AES_128_GCM_SHA256, TLS_RSA_WITH_AES_128_CBC_SHA, TLS_RSA_WITH_AES_256_CBC_SHA, TLS_AES_128_GCM_SHA256, TLS_AES_256_GCM_SHA384]
2022-12-30 21:32:08.888 [main] DEBUG io.netty.channel.MultithreadEventLoopGroup - -Dio.netty.eventLoopThreads: 8
2022-12-30 21:32:08.943 [main] DEBUG io.netty.channel.nio.NioEventLoop - -Dio.netty.noKeySetOptimization: false
2022-12-30 21:32:08.949 [main] DEBUG io.netty.channel.nio.NioEventLoop - -Dio.netty.selectorAutoRebuildThreshold: 512
2022-12-30 21:32:09.016 [main] DEBUG io.netty.buffer.PooledByteBufAllocator - -Dio.netty.allocator.numHeapArenas: 8
2022-12-30 21:32:09.017 [main] DEBUG io.netty.buffer.PooledByteBufAllocator - -Dio.netty.allocator.numDirectArenas: 8
2022-12-30 21:32:09.018 [main] DEBUG io.netty.buffer.PooledByteBufAllocator - -Dio.netty.allocator.pageSize: 8192
2022-12-30 21:32:09.021 [main] DEBUG io.netty.buffer.PooledByteBufAllocator - -Dio.netty.allocator.maxOrder: 9
2022-12-30 21:32:09.022 [main] DEBUG io.netty.buffer.PooledByteBufAllocator - -Dio.netty.allocator.chunkSize: 4194304
2022-12-30 21:32:09.023 [main] DEBUG io.netty.buffer.PooledByteBufAllocator - -Dio.netty.allocator.smallCacheSize: 256
2022-12-30 21:32:09.024 [main] DEBUG io.netty.buffer.PooledByteBufAllocator - -Dio.netty.allocator.normalCacheSize: 64
2022-12-30 21:32:09.024 [main] DEBUG io.netty.buffer.PooledByteBufAllocator - -Dio.netty.allocator.maxCachedBufferCapacity: 32768
2022-12-30 21:32:09.025 [main] DEBUG io.netty.buffer.PooledByteBufAllocator - -Dio.netty.allocator.cacheTrimInterval: 8192
2022-12-30 21:32:09.026 [main] DEBUG io.netty.buffer.PooledByteBufAllocator - -Dio.netty.allocator.cacheTrimIntervalMillis: 0
2022-12-30 21:32:09.026 [main] DEBUG io.netty.buffer.PooledByteBufAllocator - -Dio.netty.allocator.useCacheForAllThreads: false
2022-12-30 21:32:09.026 [main] DEBUG io.netty.buffer.PooledByteBufAllocator - -Dio.netty.allocator.maxCachedByteBuffersPerChunk: 1023
2022-12-30 21:32:09.060 [main] DEBUG io.netty.buffer.ByteBufUtil - -Dio.netty.allocator.type: pooled
2022-12-30 21:32:09.061 [main] DEBUG io.netty.buffer.ByteBufUtil - -Dio.netty.threadLocalDirectBufferSize: 0
2022-12-30 21:32:09.061 [main] DEBUG io.netty.buffer.ByteBufUtil - -Dio.netty.maxThreadLocalCharBufferSize: 16384
2022-12-30 21:32:10.052 [Forwarding newSession on session null to remote] DEBUG io.netty.channel.DefaultChannelId - -Dio.netty.processId: 1696 (auto-detected)
2022-12-30 21:32:10.056 [Forwarding newSession on session null to remote] DEBUG io.netty.util.NetUtil - -Djava.net.preferIPv4Stack: false
2022-12-30 21:32:10.056 [Forwarding newSession on session null to remote] DEBUG io.netty.util.NetUtil - -Djava.net.preferIPv6Addresses: false
2022-12-30 21:32:10.235 [Forwarding newSession on session null to remote] DEBUG io.netty.util.NetUtilInitializations - Loopback interface: lo (Software Loopback Interface 1, 127.0.0.1)
2022-12-30 21:32:10.238 [Forwarding newSession on session null to remote] DEBUG io.netty.util.NetUtil - Failed to get SOMAXCONN from sysctl and file \proc\sys\net\core\somaxconn. Default: 200
2022-12-30 21:32:10.446 [Forwarding newSession on session null to remote] DEBUG io.netty.channel.DefaultChannelId - -Dio.netty.machineId: 5c:e0:c5:ff:fe:67:f6:74 (auto-detected)
2022-12-30 21:32:10.519 [AsyncHttpClient-1-2] DEBUG io.netty.buffer.AbstractByteBuf - -Dio.netty.buffer.checkAccessible: true
2022-12-30 21:32:10.520 [AsyncHttpClient-1-2] DEBUG io.netty.buffer.AbstractByteBuf - -Dio.netty.buffer.checkBounds: true
2022-12-30 21:32:10.520 [AsyncHttpClient-1-2] DEBUG io.netty.util.ResourceLeakDetectorFactory - Loaded default ResourceLeakDetector: io.netty.util.ResourceLeakDetector@3ed9a333
2022-12-30 21:32:10.557 [AsyncHttpClient-1-2] DEBUG io.netty.util.Recycler - -Dio.netty.recycler.maxCapacityPerThread: 4096
2022-12-30 21:32:10.558 [AsyncHttpClient-1-2] DEBUG io.netty.util.Recycler - -Dio.netty.recycler.ratio: 8
2022-12-30 21:32:10.558 [AsyncHttpClient-1-2] DEBUG io.netty.util.Recycler - -Dio.netty.recycler.chunkSize: 32
2022-12-30 21:32:10.558 [AsyncHttpClient-1-2] DEBUG io.netty.util.Recycler - -Dio.netty.recycler.blocking: false
2022-12-30 21:32:11.559 [AsyncHttpClient-1-2] DEBUG io.netty.handler.codec.compression.Brotli - brotli4j not in the classpath; Brotli support will be unavailable.
2022-12-30 21:32:11.782 [main] DEBUG io.netty.util.internal.ThreadLocalRandom - -Dio.netty.initialSeedUniquifier: 0x06e06dae9b6c363f
2022-12-30 21:32:26.579 [main] INFO  techUplabs.CommonUtil.BaseUtil.BaseClass - Assertion Completed
2022-12-30 21:32:26.893 [main] INFO  techUplabs.CommonUtil.BaseUtil.BaseClass - Fetching extent config properties from file C:\Users\VC\IdeaProjects\testAutomation/src/main/resources/config/extent-config.xml
